<?xml version="1.0" encoding="UTF-8"?>
<testsuite xmlns:xsi="http://www.w3.org/2001/XMLSchema-instance" xsi:schemaLocation="https://maven.apache.org/surefire/maven-surefire-plugin/xsd/surefire-test-report.xsd" name="com.adapterj.text.Formatter_ESTest" time="0.437" tests="132" errors="0" skipped="0" failures="7">
  <properties>
    <property name="java.runtime.name" value="Java(TM) SE Runtime Environment"/>
    <property name="sun.boot.library.path" value="/Library/Java/JavaVirtualMachines/jdk1.8.0_112.jdk/Contents/Home/jre/lib"/>
    <property name="java.vm.version" value="25.112-b16"/>
    <property name="user.country.format" value="CN"/>
    <property name="gopherProxySet" value="false"/>
    <property name="java.vm.vendor" value="Oracle Corporation"/>
    <property name="maven.multiModuleProjectDirectory" value="/Users/york/Documents/GitHub/adapterj"/>
    <property name="java.vendor.url" value="http://java.oracle.com/"/>
    <property name="path.separator" value=":"/>
    <property name="guice.disable.misplaced.annotation.check" value="true"/>
    <property name="java.vm.name" value="Java HotSpot(TM) 64-Bit Server VM"/>
    <property name="file.encoding.pkg" value="sun.io"/>
    <property name="user.country" value="US"/>
    <property name="sun.java.launcher" value="SUN_STANDARD"/>
    <property name="sun.os.patch.level" value="unknown"/>
    <property name="java.vm.specification.name" value="Java Virtual Machine Specification"/>
    <property name="user.dir" value="/Users/york/Documents/GitHub/adapterj"/>
    <property name="java.runtime.version" value="1.8.0_112-b16"/>
    <property name="java.awt.graphicsenv" value="sun.awt.CGraphicsEnvironment"/>
    <property name="java.endorsed.dirs" value="/Library/Java/JavaVirtualMachines/jdk1.8.0_112.jdk/Contents/Home/jre/lib/endorsed"/>
    <property name="os.arch" value="x86_64"/>
    <property name="java.io.tmpdir" value="/var/folders/l8/ycz270nx7wb4vp0kf54vjs7w0000gn/T/"/>
    <property name="line.separator" value="&#10;"/>
    <property name="java.vm.specification.vendor" value="Oracle Corporation"/>
    <property name="os.name" value="Mac OS X"/>
    <property name="classworlds.conf" value="/Applications/Apache-Maven-3.6.0/bin/m2.conf"/>
    <property name="sun.jnu.encoding" value="UTF-8"/>
    <property name="java.library.path" value="/Users/york/Library/Java/Extensions:/Library/Java/Extensions:/Network/Library/Java/Extensions:/System/Library/Java/Extensions:/usr/lib/java:."/>
    <property name="maven.conf" value="/Applications/Apache-Maven-3.6.0/conf"/>
    <property name="java.specification.name" value="Java Platform API Specification"/>
    <property name="java.class.version" value="52.0"/>
    <property name="sun.management.compiler" value="HotSpot 64-Bit Tiered Compilers"/>
    <property name="os.version" value="10.11.6"/>
    <property name="library.jansi.path" value="/Applications/Apache-Maven-3.6.0/lib/jansi-native"/>
    <property name="user.home" value="/Users/york"/>
    <property name="user.timezone" value="Asia/Shanghai"/>
    <property name="java.awt.printerjob" value="sun.lwawt.macosx.CPrinterJob"/>
    <property name="java.specification.version" value="1.8"/>
    <property name="file.encoding" value="UTF-8"/>
    <property name="user.name" value="york"/>
    <property name="java.class.path" value="/Applications/Apache-Maven-3.6.0/boot/plexus-classworlds-2.5.2.jar"/>
    <property name="java.vm.specification.version" value="1.8"/>
    <property name="sun.arch.data.model" value="64"/>
    <property name="java.home" value="/Library/Java/JavaVirtualMachines/jdk1.8.0_112.jdk/Contents/Home/jre"/>
    <property name="sun.java.command" value="org.codehaus.plexus.classworlds.launcher.Launcher clean deploy"/>
    <property name="java.specification.vendor" value="Oracle Corporation"/>
    <property name="user.language" value="en"/>
    <property name="awt.toolkit" value="sun.lwawt.macosx.LWCToolkit"/>
    <property name="java.vm.info" value="mixed mode"/>
    <property name="java.version" value="1.8.0_112"/>
    <property name="java.ext.dirs" value="/Users/york/Library/Java/Extensions:/Library/Java/JavaVirtualMachines/jdk1.8.0_112.jdk/Contents/Home/jre/lib/ext:/Library/Java/Extensions:/Network/Library/Java/Extensions:/System/Library/Java/Extensions:/usr/lib/java"/>
    <property name="sun.boot.class.path" value="/Library/Java/JavaVirtualMachines/jdk1.8.0_112.jdk/Contents/Home/jre/lib/resources.jar:/Library/Java/JavaVirtualMachines/jdk1.8.0_112.jdk/Contents/Home/jre/lib/rt.jar:/Library/Java/JavaVirtualMachines/jdk1.8.0_112.jdk/Contents/Home/jre/lib/sunrsasign.jar:/Library/Java/JavaVirtualMachines/jdk1.8.0_112.jdk/Contents/Home/jre/lib/jsse.jar:/Library/Java/JavaVirtualMachines/jdk1.8.0_112.jdk/Contents/Home/jre/lib/jce.jar:/Library/Java/JavaVirtualMachines/jdk1.8.0_112.jdk/Contents/Home/jre/lib/charsets.jar:/Library/Java/JavaVirtualMachines/jdk1.8.0_112.jdk/Contents/Home/jre/lib/jfr.jar:/Library/Java/JavaVirtualMachines/jdk1.8.0_112.jdk/Contents/Home/jre/classes"/>
    <property name="java.vendor" value="Oracle Corporation"/>
    <property name="maven.home" value="/Applications/Apache-Maven-3.6.0"/>
    <property name="file.separator" value="/"/>
    <property name="java.vendor.url.bug" value="http://bugreport.sun.com/bugreport/"/>
    <property name="sun.cpu.endian" value="little"/>
    <property name="sun.io.unicode.encoding" value="UnicodeBig"/>
    <property name="sun.cpu.isalist" value=""/>
  </properties>
  <testcase name="test116" classname="com.adapterj.text.Formatter_ESTest" time="0.008"/>
  <testcase name="test117" classname="com.adapterj.text.Formatter_ESTest" time="0.008"/>
  <testcase name="test118" classname="com.adapterj.text.Formatter_ESTest" time="0.002"/>
  <testcase name="test119" classname="com.adapterj.text.Formatter_ESTest" time="0.002"/>
  <testcase name="test079" classname="com.adapterj.text.Formatter_ESTest" time="0.002"/>
  <testcase name="test112" classname="com.adapterj.text.Formatter_ESTest" time="0.002"/>
  <testcase name="test113" classname="com.adapterj.text.Formatter_ESTest" time="0.002"/>
  <testcase name="test114" classname="com.adapterj.text.Formatter_ESTest" time="0.002"/>
  <testcase name="test115" classname="com.adapterj.text.Formatter_ESTest" time="0.003"/>
  <testcase name="test086" classname="com.adapterj.text.Formatter_ESTest" time="0.003">
    <failure message="expected:&lt;0[00000000000-- :]&gt; but was:&lt;0[]&gt;" type="org.junit.ComparisonFailure"><![CDATA[org.junit.ComparisonFailure: expected:<0[00000000000-- :]> but was:<0[]>
	at com.adapterj.text.Formatter_ESTest.test086(Formatter_ESTest.java:756)
]]></failure>
  </testcase>
  <testcase name="test087" classname="com.adapterj.text.Formatter_ESTest" time="0.003"/>
  <testcase name="test120" classname="com.adapterj.text.Formatter_ESTest" time="0.002"/>
  <testcase name="test000" classname="com.adapterj.text.Formatter_ESTest" time="0.002"/>
  <testcase name="test088" classname="com.adapterj.text.Formatter_ESTest" time="0.003"/>
  <testcase name="test121" classname="com.adapterj.text.Formatter_ESTest" time="0.002"/>
  <testcase name="test001" classname="com.adapterj.text.Formatter_ESTest" time="0.004"/>
  <testcase name="test089" classname="com.adapterj.text.Formatter_ESTest" time="0.002"/>
  <testcase name="test122" classname="com.adapterj.text.Formatter_ESTest" time="0.002"/>
  <testcase name="test082" classname="com.adapterj.text.Formatter_ESTest" time="0.003"/>
  <testcase name="test083" classname="com.adapterj.text.Formatter_ESTest" time="0.003">
    <failure message="expected:&lt;0[00000000112-- :]&gt; but was:&lt;0[.00]&gt;" type="org.junit.ComparisonFailure"><![CDATA[org.junit.ComparisonFailure: expected:<0[00000000112-- :]> but was:<0[.00]>
	at com.adapterj.text.Formatter_ESTest.test083(Formatter_ESTest.java:709)
]]></failure>
  </testcase>
  <testcase name="test084" classname="com.adapterj.text.Formatter_ESTest" time="0.004"/>
  <testcase name="test085" classname="com.adapterj.text.Formatter_ESTest" time="0.003">
    <failure message="expected:&lt;[000000001564]&gt; but was:&lt;[F[1~jj#`j]O]&gt;" type="org.junit.ComparisonFailure"><![CDATA[org.junit.ComparisonFailure: expected:<[000000001564]> but was:<[F[1~jj#`j]O]>
	at com.adapterj.text.Formatter_ESTest.test085(Formatter_ESTest.java:749)
]]></failure>
  </testcase>
  <testcase name="test080" classname="com.adapterj.text.Formatter_ESTest" time="0.002"/>
  <testcase name="test081" classname="com.adapterj.text.Formatter_ESTest" time="0.002"/>
  <testcase name="test006" classname="com.adapterj.text.Formatter_ESTest" time="0.005"/>
  <testcase name="test127" classname="com.adapterj.text.Formatter_ESTest" time="0.002"/>
  <testcase name="test007" classname="com.adapterj.text.Formatter_ESTest" time="0.008"/>
  <testcase name="test128" classname="com.adapterj.text.Formatter_ESTest" time="0.001"/>
  <testcase name="test008" classname="com.adapterj.text.Formatter_ESTest" time="0.002"/>
  <testcase name="test129" classname="com.adapterj.text.Formatter_ESTest" time="0.002"/>
  <testcase name="test009" classname="com.adapterj.text.Formatter_ESTest" time="0.006"/>
  <testcase name="test002" classname="com.adapterj.text.Formatter_ESTest" time="0.004"/>
  <testcase name="test123" classname="com.adapterj.text.Formatter_ESTest" time="0.003"/>
  <testcase name="test003" classname="com.adapterj.text.Formatter_ESTest" time="0.003"/>
  <testcase name="test124" classname="com.adapterj.text.Formatter_ESTest" time="0.002"/>
  <testcase name="test004" classname="com.adapterj.text.Formatter_ESTest" time="0.005"/>
  <testcase name="test125" classname="com.adapterj.text.Formatter_ESTest" time="0.005"/>
  <testcase name="test005" classname="com.adapterj.text.Formatter_ESTest" time="0.006"/>
  <testcase name="test126" classname="com.adapterj.text.Formatter_ESTest" time="0.006"/>
  <testcase name="test097" classname="com.adapterj.text.Formatter_ESTest" time="0.004"/>
  <testcase name="test130" classname="com.adapterj.text.Formatter_ESTest" time="0.003"/>
  <testcase name="test010" classname="com.adapterj.text.Formatter_ESTest" time="0.002"/>
  <testcase name="test098" classname="com.adapterj.text.Formatter_ESTest" time="0.002"/>
  <testcase name="test131" classname="com.adapterj.text.Formatter_ESTest" time="0.002"/>
  <testcase name="test011" classname="com.adapterj.text.Formatter_ESTest" time="0.003"/>
  <testcase name="test099" classname="com.adapterj.text.Formatter_ESTest" time="0.002"/>
  <testcase name="test012" classname="com.adapterj.text.Formatter_ESTest" time="0.002"/>
  <testcase name="test093" classname="com.adapterj.text.Formatter_ESTest" time="0.001"/>
  <testcase name="test094" classname="com.adapterj.text.Formatter_ESTest" time="0.001"/>
  <testcase name="test095" classname="com.adapterj.text.Formatter_ESTest" time="0.003"/>
  <testcase name="test096" classname="com.adapterj.text.Formatter_ESTest" time="0.002"/>
  <testcase name="test090" classname="com.adapterj.text.Formatter_ESTest" time="0.002"/>
  <testcase name="test091" classname="com.adapterj.text.Formatter_ESTest" time="0.002"/>
  <testcase name="test092" classname="com.adapterj.text.Formatter_ESTest" time="0.003"/>
  <testcase name="test057" classname="com.adapterj.text.Formatter_ESTest" time="0.003"/>
  <testcase name="test058" classname="com.adapterj.text.Formatter_ESTest" time="0.002"/>
  <testcase name="test059" classname="com.adapterj.text.Formatter_ESTest" time="0.002"/>
  <testcase name="test064" classname="com.adapterj.text.Formatter_ESTest" time="0.002"/>
  <testcase name="test065" classname="com.adapterj.text.Formatter_ESTest" time="0.003"/>
  <testcase name="test066" classname="com.adapterj.text.Formatter_ESTest" time="0.003"/>
  <testcase name="test067" classname="com.adapterj.text.Formatter_ESTest" time="0.002"/>
  <testcase name="test100" classname="com.adapterj.text.Formatter_ESTest" time="0.002"/>
  <testcase name="test060" classname="com.adapterj.text.Formatter_ESTest" time="0.002"/>
  <testcase name="test061" classname="com.adapterj.text.Formatter_ESTest" time="0.002"/>
  <testcase name="test062" classname="com.adapterj.text.Formatter_ESTest" time="0.002"/>
  <testcase name="test063" classname="com.adapterj.text.Formatter_ESTest" time="0.003"/>
  <testcase name="test109" classname="com.adapterj.text.Formatter_ESTest" time="0.001"/>
  <testcase name="test105" classname="com.adapterj.text.Formatter_ESTest" time="0.002"/>
  <testcase name="test106" classname="com.adapterj.text.Formatter_ESTest" time="0.003"/>
  <testcase name="test107" classname="com.adapterj.text.Formatter_ESTest" time="0.002"/>
  <testcase name="test108" classname="com.adapterj.text.Formatter_ESTest" time="0.001"/>
  <testcase name="test068" classname="com.adapterj.text.Formatter_ESTest" time="0.004">
    <failure message="expected:&lt;0[00000000000-- :]&gt; but was:&lt;0[.00]&gt;" type="org.junit.ComparisonFailure"><![CDATA[org.junit.ComparisonFailure: expected:<0[00000000000-- :]> but was:<0[.00]>
	at com.adapterj.text.Formatter_ESTest.test068(Formatter_ESTest.java:598)
]]></failure>
  </testcase>
  <testcase name="test101" classname="com.adapterj.text.Formatter_ESTest" time="0.002"/>
  <testcase name="test069" classname="com.adapterj.text.Formatter_ESTest" time="0.003">
    <failure message="expected:&lt;0[]&gt; but was:&lt;0[.00]&gt;" type="org.junit.ComparisonFailure"><![CDATA[org.junit.ComparisonFailure: expected:<0[]> but was:<0[.00]>
	at com.adapterj.text.Formatter_ESTest.test069(Formatter_ESTest.java:605)
]]></failure>
  </testcase>
  <testcase name="test102" classname="com.adapterj.text.Formatter_ESTest" time="0.002"/>
  <testcase name="test103" classname="com.adapterj.text.Formatter_ESTest" time="0.002"/>
  <testcase name="test104" classname="com.adapterj.text.Formatter_ESTest" time="0.001"/>
  <testcase name="test075" classname="com.adapterj.text.Formatter_ESTest" time="0.002"/>
  <testcase name="test076" classname="com.adapterj.text.Formatter_ESTest" time="0.002"/>
  <testcase name="test077" classname="com.adapterj.text.Formatter_ESTest" time="0.002"/>
  <testcase name="test110" classname="com.adapterj.text.Formatter_ESTest" time="0.002"/>
  <testcase name="test078" classname="com.adapterj.text.Formatter_ESTest" time="0.002"/>
  <testcase name="test111" classname="com.adapterj.text.Formatter_ESTest" time="0.003"/>
  <testcase name="test071" classname="com.adapterj.text.Formatter_ESTest" time="0.002"/>
  <testcase name="test072" classname="com.adapterj.text.Formatter_ESTest" time="0.003"/>
  <testcase name="test073" classname="com.adapterj.text.Formatter_ESTest" time="0.002"/>
  <testcase name="test074" classname="com.adapterj.text.Formatter_ESTest" time="0.002"/>
  <testcase name="test070" classname="com.adapterj.text.Formatter_ESTest" time="0.003"/>
  <testcase name="test039" classname="com.adapterj.text.Formatter_ESTest" time="0.003"/>
  <testcase name="test035" classname="com.adapterj.text.Formatter_ESTest" time="0.003"/>
  <testcase name="test036" classname="com.adapterj.text.Formatter_ESTest" time="0.003"/>
  <testcase name="test037" classname="com.adapterj.text.Formatter_ESTest" time="0.002"/>
  <testcase name="test038" classname="com.adapterj.text.Formatter_ESTest" time="0.002"/>
  <testcase name="test042" classname="com.adapterj.text.Formatter_ESTest" time="0.003"/>
  <testcase name="test043" classname="com.adapterj.text.Formatter_ESTest" time="0.002"/>
  <testcase name="test044" classname="com.adapterj.text.Formatter_ESTest" time="0.004"/>
  <testcase name="test045" classname="com.adapterj.text.Formatter_ESTest" time="0.003"/>
  <testcase name="test040" classname="com.adapterj.text.Formatter_ESTest" time="0.002"/>
  <testcase name="test041" classname="com.adapterj.text.Formatter_ESTest" time="0.002"/>
  <testcase name="test046" classname="com.adapterj.text.Formatter_ESTest" time="0.002"/>
  <testcase name="test047" classname="com.adapterj.text.Formatter_ESTest" time="0.002"/>
  <testcase name="test048" classname="com.adapterj.text.Formatter_ESTest" time="0.003"/>
  <testcase name="test049" classname="com.adapterj.text.Formatter_ESTest" time="0.003"/>
  <testcase name="test053" classname="com.adapterj.text.Formatter_ESTest" time="0.003"/>
  <testcase name="test054" classname="com.adapterj.text.Formatter_ESTest" time="0.002"/>
  <testcase name="test055" classname="com.adapterj.text.Formatter_ESTest" time="0.002"/>
  <testcase name="test056" classname="com.adapterj.text.Formatter_ESTest" time="0.004">
    <failure message="expected:&lt;[000000000001]&gt; but was:&lt;[#,##0.00]&gt;" type="org.junit.ComparisonFailure"><![CDATA[org.junit.ComparisonFailure: expected:<[000000000001]> but was:<[#,##0.00]>
	at com.adapterj.text.Formatter_ESTest.test056(Formatter_ESTest.java:510)
]]></failure>
  </testcase>
  <testcase name="test050" classname="com.adapterj.text.Formatter_ESTest" time="0.002"/>
  <testcase name="test051" classname="com.adapterj.text.Formatter_ESTest" time="0.003"/>
  <testcase name="test052" classname="com.adapterj.text.Formatter_ESTest" time="0.003"/>
  <testcase name="test017" classname="com.adapterj.text.Formatter_ESTest" time="0.002"/>
  <testcase name="test018" classname="com.adapterj.text.Formatter_ESTest" time="0.002"/>
  <testcase name="test019" classname="com.adapterj.text.Formatter_ESTest" time="0.002"/>
  <testcase name="test013" classname="com.adapterj.text.Formatter_ESTest" time="0.002"/>
  <testcase name="test014" classname="com.adapterj.text.Formatter_ESTest" time="0.002"/>
  <testcase name="test015" classname="com.adapterj.text.Formatter_ESTest" time="0.006"/>
  <testcase name="test016" classname="com.adapterj.text.Formatter_ESTest" time="0.002"/>
  <testcase name="test020" classname="com.adapterj.text.Formatter_ESTest" time="0.002"/>
  <testcase name="test021" classname="com.adapterj.text.Formatter_ESTest" time="0.003">
    <failure message="expected:&lt;0[00000002040]&gt; but was:&lt;0[]&gt;" type="org.junit.ComparisonFailure"><![CDATA[org.junit.ComparisonFailure: expected:<0[00000002040]> but was:<0[]>
	at com.adapterj.text.Formatter_ESTest.test021(Formatter_ESTest.java:193)
]]></failure>
  </testcase>
  <testcase name="test022" classname="com.adapterj.text.Formatter_ESTest" time="0.003"/>
  <testcase name="test023" classname="com.adapterj.text.Formatter_ESTest" time="0.003"/>
  <testcase name="test028" classname="com.adapterj.text.Formatter_ESTest" time="0.003"/>
  <testcase name="test029" classname="com.adapterj.text.Formatter_ESTest" time="0.005"/>
  <testcase name="test024" classname="com.adapterj.text.Formatter_ESTest" time="0.003"/>
  <testcase name="test025" classname="com.adapterj.text.Formatter_ESTest" time="0.003"/>
  <testcase name="test026" classname="com.adapterj.text.Formatter_ESTest" time="0.004"/>
  <testcase name="test027" classname="com.adapterj.text.Formatter_ESTest" time="0.002"/>
  <testcase name="test031" classname="com.adapterj.text.Formatter_ESTest" time="0.002"/>
  <testcase name="test032" classname="com.adapterj.text.Formatter_ESTest" time="0.002"/>
  <testcase name="test033" classname="com.adapterj.text.Formatter_ESTest" time="0.002"/>
  <testcase name="test034" classname="com.adapterj.text.Formatter_ESTest" time="0.002"/>
  <testcase name="test030" classname="com.adapterj.text.Formatter_ESTest" time="0.002"/>
</testsuite>